[11-27-2019 17:02:51.097]  <2KGZPtRZ@landing>  study start!
[11-27-2019 17:04:03.694]  <2KGZPtRZ@landing>  opening link: form
[11-27-2019 17:22:45.788]  <2KGZPtRZ@landing>  opening link: p1_va_text
[11-27-2019 17:22:56.236]  <2KGZPtRZ@p1_va_text>  opened file A
[11-27-2019 17:22:57.822]  <2KGZPtRZ@p1_va_text>  opened file B
[11-27-2019 17:22:58.646]  <2KGZPtRZ@p1_va_text>  open analyze menu on B
[11-27-2019 17:23:00.927]  <2KGZPtRZ@p1_va_text>  expand reachability on B
[11-27-2019 17:23:02.289]  <2KGZPtRZ@p1_va_text>  highlight lines concerning A on B
[11-27-2019 17:23:03.217]  <2KGZPtRZ@p1_va_text>  highlight lines concerning C on B
[11-27-2019 17:23:03.785]  <2KGZPtRZ@p1_va_text>  highlight lines concerning D on B
[11-27-2019 17:23:04.966]  <2KGZPtRZ@p1_va_text>  switch to tab A
[11-27-2019 17:23:05.643]  <2KGZPtRZ@p1_va_text>  open analyze menu on A
[11-27-2019 17:23:07.094]  <2KGZPtRZ@p1_va_text>  expand reachability on A
[11-27-2019 17:23:08.617]  <2KGZPtRZ@p1_va_text>  highlight lines concerning B on A
[11-27-2019 17:23:09.774]  <2KGZPtRZ@p1_va_text>  highlight lines concerning D on A
[11-27-2019 17:23:10.600]  <2KGZPtRZ@p1_va_text>  highlight lines concerning C on A
[11-27-2019 17:23:16.850]  <2KGZPtRZ@landing>  opening link: p1_vb_gui
[11-27-2019 17:23:19.361]  <2KGZPtRZ@p1_vb_gui>  [Node A] Show node info and menu
[11-27-2019 17:23:21.520]  <2KGZPtRZ@p1_vb_gui>  [Node A] Toggle interface visibility
[11-27-2019 17:23:22.397]  <2KGZPtRZ@p1_vb_gui>  [Node B] Show node info and menu
[11-27-2019 17:23:23.199]  <2KGZPtRZ@p1_vb_gui>  [Node B] Toggle interface visibility
[11-27-2019 17:23:24.301]  <2KGZPtRZ@p1_vb_gui>  [Node D] Show node info and menu
[11-27-2019 17:23:25.378]  <2KGZPtRZ@p1_vb_gui>  [Node D] Toggle interface visibility
[11-27-2019 17:23:26.619]  <2KGZPtRZ@p1_vb_gui>  [Node C] Show node info and menu
[11-27-2019 17:23:28.181]  <2KGZPtRZ@p1_vb_gui>  [Node C] Toggle interface visibility
[11-27-2019 17:23:59.266]  <2KGZPtRZ@p1_vb_gui>  [Node B] Show node info and menu
[11-27-2019 17:24:00.357]  <2KGZPtRZ@p1_vb_gui>  [Node B] Toggle interface visibility
[11-27-2019 17:24:01.321]  <2KGZPtRZ@p1_vb_gui>  [Node B] Toggle interface visibility
[11-27-2019 17:24:02.405]  <2KGZPtRZ@p1_vb_gui>  [Node B] Toggle interface visibility
[11-27-2019 17:24:03.349]  <2KGZPtRZ@p1_vb_gui>  [Node B] Toggle interface visibility
[11-27-2019 17:24:03.916]  <2KGZPtRZ@p1_vb_gui>  [Node B] Toggle interface visibility
[11-27-2019 17:24:04.279]  <2KGZPtRZ@p1_vb_gui>  [Node B] Toggle interface visibility
[11-27-2019 17:24:04.498]  <2KGZPtRZ@p1_vb_gui>  [Node B] Toggle interface visibility
[11-27-2019 17:24:04.771]  <2KGZPtRZ@p1_vb_gui>  [Node B] Toggle interface visibility
[11-27-2019 17:24:04.973]  <2KGZPtRZ@p1_vb_gui>  [Node B] Toggle interface visibility
[11-27-2019 17:24:05.151]  <2KGZPtRZ@p1_vb_gui>  [Node B] Toggle interface visibility
[11-27-2019 17:24:05.333]  <2KGZPtRZ@p1_vb_gui>  [Node B] Toggle interface visibility
[11-27-2019 17:24:05.489]  <2KGZPtRZ@p1_vb_gui>  [Node B] Toggle interface visibility
[11-27-2019 17:24:05.648]  <2KGZPtRZ@p1_vb_gui>  [Node B] Toggle interface visibility
[11-27-2019 17:24:06.075]  <2KGZPtRZ@p1_vb_gui>  [Node B] Toggle interface visibility
[11-27-2019 17:24:06.282]  <2KGZPtRZ@p1_vb_gui>  [Node B] Toggle interface visibility
[11-27-2019 17:24:07.299]  <2KGZPtRZ@p1_vb_gui>  [Node B] Toggle interface visibility
[11-27-2019 17:24:07.540]  <2KGZPtRZ@p1_vb_gui>  [Node B] Toggle interface visibility
[11-27-2019 17:24:07.903]  <2KGZPtRZ@p1_vb_gui>  [Node B] Toggle interface visibility
[11-27-2019 17:24:08.342]  <2KGZPtRZ@p1_vb_gui>  [Node B] Toggle interface visibility
[11-27-2019 17:24:08.684]  <2KGZPtRZ@p1_vb_gui>  [Node B] Toggle interface visibility
[11-27-2019 17:24:15.664]  <2KGZPtRZ@landing>  opening link: p2_va_text
[11-27-2019 17:24:24.098]  <2KGZPtRZ@landing>  opening link: p2_vb_text
[11-27-2019 17:25:09.835]  <2KGZPtRZ@p2_vb_text>  opened file D
[11-27-2019 17:25:10.278]  <2KGZPtRZ@p2_vb_text>  opened file C
[11-27-2019 17:25:10.723]  <2KGZPtRZ@p2_vb_text>  opened file E
[11-27-2019 17:25:11.156]  <2KGZPtRZ@p2_vb_text>  opened file C
[11-27-2019 17:25:14.589]  <2KGZPtRZ@p2_vb_text>  opened file MAP
[11-27-2019 17:25:21.363]  <2KGZPtRZ@p2_vb_text>  switch to tab E
[11-27-2019 17:25:23.239]  <2KGZPtRZ@p2_vb_text>  open analyze menu on E
[11-27-2019 17:25:24.918]  <2KGZPtRZ@p2_vb_text>  expand reachability on E
[11-27-2019 17:25:28.840]  <2KGZPtRZ@p2_vb_text>  opened file MAP
[11-27-2019 17:25:31.147]  <2KGZPtRZ@p2_vb_text>  opened file B
[11-27-2019 17:25:33.249]  <2KGZPtRZ@p2_vb_text>  open analyze menu on B
[11-27-2019 17:25:34.749]  <2KGZPtRZ@p2_vb_text>  expand reachability on B
[11-27-2019 17:25:37.094]  <2KGZPtRZ@p2_vb_text>  highlight lines concerning I on B
[11-27-2019 17:25:46.544]  <2KGZPtRZ@landing>  opening link: p2_va_gui
[11-27-2019 17:25:51.159]  <2KGZPtRZ@p2_va_gui>  [Node D] Show node info and menu
[11-27-2019 17:25:52.943]  <2KGZPtRZ@p2_va_gui>  [Node D] Toggle interface visibility
[11-27-2019 17:25:53.755]  <2KGZPtRZ@p2_va_gui>  [Node I] Show node info and menu
[11-27-2019 17:25:54.713]  <2KGZPtRZ@p2_va_gui>  [Node I] Toggle interface visibility
[11-27-2019 17:25:56.015]  <2KGZPtRZ@p2_va_gui>  [Node H] Show node info and menu
[11-27-2019 17:25:57.706]  <2KGZPtRZ@p2_va_gui>  [Node H] Toggle interface visibility
[11-27-2019 17:25:58.409]  <2KGZPtRZ@p2_va_gui>  [Node E] Show node info and menu
[11-27-2019 17:25:59.414]  <2KGZPtRZ@p2_va_gui>  [Node E] Toggle interface visibility
