[11-27-2019 16:36:07.313]  <5mZo33UN@landing>  study start!
[11-27-2019 16:38:43.233]  <5mZo33UN@landing>  opening link: p1_va_gui
[11-27-2019 16:38:46.947]  <5mZo33UN@landing>  opening link: form
[11-27-2019 16:40:06.199]  <5mZo33UN@p1_va_gui>  [Node A] Show node info and menu
[11-27-2019 16:40:13.246]  <5mZo33UN@p1_va_gui>  [Node A] Toggle interface visibility
[11-27-2019 16:40:14.671]  <5mZo33UN@p1_va_gui>  [Node C] Show node info and menu
[11-27-2019 16:40:15.600]  <5mZo33UN@p1_va_gui>  [Node C] Toggle interface visibility
[11-27-2019 16:40:17.146]  <5mZo33UN@p1_va_gui>  [Node A] Show node info and menu
[11-27-2019 16:40:20.364]  <5mZo33UN@p1_va_gui>  [Node D] Show node info and menu
[11-27-2019 16:40:21.159]  <5mZo33UN@p1_va_gui>  [Node D] Toggle interface visibility
[11-27-2019 16:40:22.262]  <5mZo33UN@p1_va_gui>  [Node B] Show node info and menu
[11-27-2019 16:40:22.993]  <5mZo33UN@p1_va_gui>  [Node B] Toggle interface visibility
[11-27-2019 16:40:56.144]  <5mZo33UN@landing>  opening link: p1_vb_text
[11-27-2019 16:40:59.072]  <5mZo33UN@p1_vb_text>  opened file A
[11-27-2019 16:41:00.788]  <5mZo33UN@p1_vb_text>  opened file MAP
[11-27-2019 16:41:06.368]  <5mZo33UN@p1_vb_text>  switch to tab A
[11-27-2019 16:41:07.091]  <5mZo33UN@p1_vb_text>  opened file B
[11-27-2019 16:41:08.102]  <5mZo33UN@p1_vb_text>  open analyze menu on B
[11-27-2019 16:41:11.618]  <5mZo33UN@p1_vb_text>  expand reachability on B
[11-27-2019 16:41:14.594]  <5mZo33UN@p1_vb_text>  highlight lines concerning A on B
[11-27-2019 16:41:18.901]  <5mZo33UN@p1_vb_text>  highlight lines concerning A on B
[11-27-2019 16:41:20.244]  <5mZo33UN@p1_vb_text>  highlight lines concerning D on B
[11-27-2019 16:41:21.357]  <5mZo33UN@p1_vb_text>  highlight lines concerning D on B
[11-27-2019 16:41:22.410]  <5mZo33UN@p1_vb_text>  highlight lines concerning C on B
[11-27-2019 16:41:24.085]  <5mZo33UN@p1_vb_text>  switch to tab A
[11-27-2019 16:41:24.847]  <5mZo33UN@p1_vb_text>  switch to tab MAP
[11-27-2019 16:41:26.102]  <5mZo33UN@p1_vb_text>  switch to tab A
[11-27-2019 16:41:26.822]  <5mZo33UN@p1_vb_text>  open analyze menu on A
[11-27-2019 16:41:29.284]  <5mZo33UN@p1_vb_text>  expand reachability on A
[11-27-2019 16:41:31.743]  <5mZo33UN@p1_vb_text>  switch to tab MAP
[11-27-2019 16:41:32.597]  <5mZo33UN@p1_vb_text>  switch to tab B
[11-27-2019 16:41:34.379]  <5mZo33UN@p1_vb_text>  open analyze menu on B
[11-27-2019 16:41:36.023]  <5mZo33UN@p1_vb_text>  expand reachability on B
[11-27-2019 16:42:32.494]  <5mZo33UN@landing>  opening link: p1_vb_gui
[11-27-2019 16:42:36.798]  <5mZo33UN@p1_vb_text>  switch to tab A
[11-27-2019 16:46:29.397]  <5mZo33UN@landing>  opening link: p2_vb_gui
[11-27-2019 16:46:31.659]  <5mZo33UN@p2_vb_gui>  [Node A] Show node info and menu
[11-27-2019 16:46:33.172]  <5mZo33UN@p2_vb_gui>  [Node A] Toggle interface visibility
[11-27-2019 16:46:34.421]  <5mZo33UN@p2_vb_gui>  [Node G] Show node info and menu
[11-27-2019 16:46:35.890]  <5mZo33UN@p2_vb_gui>  [Node G] Toggle interface visibility
[11-27-2019 16:46:42.131]  <5mZo33UN@p2_vb_gui>  [Node A] Show node info and menu
[11-27-2019 16:46:43.931]  <5mZo33UN@p2_vb_gui>  [Node G] Show node info and menu
[11-27-2019 16:46:47.350]  <5mZo33UN@p2_vb_gui>  [Node A] Show node info and menu
[11-27-2019 16:46:50.436]  <5mZo33UN@p2_vb_gui>  [Node I] Show node info and menu
[11-27-2019 16:46:59.685]  <5mZo33UN@p2_vb_gui>  [Node C] Show node info and menu
[11-27-2019 16:47:00.998]  <5mZo33UN@p2_vb_gui>  [Node B] Show node info and menu
[11-27-2019 16:47:02.051]  <5mZo33UN@p2_vb_gui>  [Node B] Toggle interface visibility
[11-27-2019 16:47:03.012]  <5mZo33UN@p2_vb_gui>  [Node D] Show node info and menu
[11-27-2019 16:47:04.525]  <5mZo33UN@p2_vb_gui>  [Node D] Toggle interface visibility
[11-27-2019 16:47:09.423]  <5mZo33UN@p2_vb_gui>  [Node C] Show node info and menu
[11-27-2019 16:47:10.687]  <5mZo33UN@p2_vb_gui>  [Node C] Toggle interface visibility
[11-27-2019 16:47:11.561]  <5mZo33UN@p2_vb_gui>  [Node E] Show node info and menu
[11-27-2019 16:47:12.562]  <5mZo33UN@p2_vb_gui>  [Node E] Toggle interface visibility
[11-27-2019 16:47:13.246]  <5mZo33UN@p2_vb_gui>  [Node H] Show node info and menu
[11-27-2019 16:47:14.417]  <5mZo33UN@p2_vb_gui>  [Node H] Toggle interface visibility
[11-27-2019 16:47:15.374]  <5mZo33UN@p2_vb_gui>  [Node K] Show node info and menu
[11-27-2019 16:47:21.686]  <5mZo33UN@p2_vb_gui>  [Node K] Toggle interface visibility
[11-27-2019 16:47:23.316]  <5mZo33UN@p2_vb_gui>  [Node F] Show node info and menu
[11-27-2019 16:47:24.186]  <5mZo33UN@p2_vb_gui>  [Node F] Toggle interface visibility
[11-27-2019 16:47:24.993]  <5mZo33UN@p2_vb_gui>  [Node I] Show node info and menu
[11-27-2019 16:47:26.180]  <5mZo33UN@p2_vb_gui>  [Node I] Toggle interface visibility
[11-27-2019 16:53:33.209]  <5mZo33UN@p2_vb_gui>  [Node A] Show node info and menu
