[11-27-2019 15:12:07.686]  <CRi82Ix2@landing>  study start!
[11-27-2019 15:16:49.485]  <CRi82Ix2@landing>  opening link: tut_text
[11-27-2019 15:25:34.102]  <CRi82Ix2@landing>  opening link: tut_gui
[11-27-2019 15:25:55.470]  <CRi82Ix2@landing>  opening link: tut_gui
[11-27-2019 15:26:09.685]  <CRi82Ix2@landing>  opening link: tut_gui
[11-27-2019 15:26:27.407]  <CRi82Ix2@landing>  opening link: tut_gui
[11-27-2019 15:26:35.951]  <CRi82Ix2@landing>  opening link: tut_gui
[11-27-2019 15:34:48.613]  <CRi82Ix2@landing>  opening link: p1_vb_text
[11-27-2019 15:34:55.625]  <CRi82Ix2@p1_vb_text>  opened file MAP
[11-27-2019 15:36:13.850]  <CRi82Ix2@p1_vb_text>  opened file A
[11-27-2019 15:36:14.265]  <CRi82Ix2@p1_vb_text>  opened file C
[11-27-2019 15:36:17.726]  <CRi82Ix2@p1_vb_text>  switch to tab A
[11-27-2019 15:36:18.471]  <CRi82Ix2@p1_vb_text>  open analyze menu on A
[11-27-2019 15:36:20.706]  <CRi82Ix2@p1_vb_text>  expand reachability on A
[11-27-2019 15:36:22.789]  <CRi82Ix2@p1_vb_text>  switch to tab C
[11-27-2019 15:36:23.558]  <CRi82Ix2@p1_vb_text>  open analyze menu on C
[11-27-2019 15:36:25.406]  <CRi82Ix2@p1_vb_text>  expand reachability on C
[11-27-2019 15:36:35.280]  <CRi82Ix2@p1_vb_text>  open analyze menu on C
[11-27-2019 15:36:36.856]  <CRi82Ix2@p1_vb_text>  expand reachability on C
[11-27-2019 15:36:39.686]  <CRi82Ix2@p1_vb_text>  opened file A
[11-27-2019 15:36:40.702]  <CRi82Ix2@p1_vb_text>  switch to tab MAP
[11-27-2019 15:36:48.338]  <CRi82Ix2@p1_vb_text>  switch to tab A
[11-27-2019 15:36:49.643]  <CRi82Ix2@p1_vb_text>  switch to tab MAP
[11-27-2019 15:36:57.121]  <CRi82Ix2@p1_vb_text>  switch to tab A
[11-27-2019 15:37:07.394]  <CRi82Ix2@p1_vb_text>  switch to tab MAP
[11-27-2019 15:37:09.251]  <CRi82Ix2@p1_vb_text>  switch to tab C
[11-27-2019 15:37:13.739]  <CRi82Ix2@p1_vb_text>  switch to tab MAP
[11-27-2019 15:37:17.621]  <CRi82Ix2@p1_vb_text>  switch to tab C
[11-27-2019 15:37:26.301]  <CRi82Ix2@p1_vb_text>  switch to tab MAP
[11-27-2019 15:38:08.370]  <CRi82Ix2@p1_vb_text>  switch to tab A
[11-27-2019 15:38:18.841]  <CRi82Ix2@p1_vb_text>  switch to tab MAP
[11-27-2019 15:38:25.164]  <CRi82Ix2@p1_vb_text>  switch to tab A
[11-27-2019 15:38:25.940]  <CRi82Ix2@p1_vb_text>  open analyze menu on A
[11-27-2019 15:38:27.527]  <CRi82Ix2@p1_vb_text>  expand reachability on A
[11-27-2019 15:38:37.975]  <CRi82Ix2@p1_vb_text>  switch to tab C
[11-27-2019 15:38:38.731]  <CRi82Ix2@p1_vb_text>  switch to tab A
[11-27-2019 15:38:41.009]  <CRi82Ix2@p1_vb_text>  switch to tab MAP
[11-27-2019 15:38:59.922]  <CRi82Ix2@p1_vb_text>  closed file C
[11-27-2019 15:39:00.606]  <CRi82Ix2@p1_vb_text>  opened file B
[11-27-2019 15:39:02.243]  <CRi82Ix2@p1_vb_text>  switch to tab A
[11-27-2019 15:39:04.157]  <CRi82Ix2@p1_vb_text>  open analyze menu on A
[11-27-2019 15:39:06.037]  <CRi82Ix2@p1_vb_text>  expand reachability on A
[11-27-2019 15:39:08.706]  <CRi82Ix2@p1_vb_text>  highlight lines concerning B on A
[11-27-2019 15:39:10.291]  <CRi82Ix2@p1_vb_text>  switch to tab B
[11-27-2019 15:39:11.406]  <CRi82Ix2@p1_vb_text>  open analyze menu on B
[11-27-2019 15:39:14.070]  <CRi82Ix2@p1_vb_text>  expand reachability on B
[11-27-2019 15:39:15.604]  <CRi82Ix2@p1_vb_text>  highlight lines concerning C on B
[11-27-2019 15:39:15.882]  <CRi82Ix2@p1_vb_text>  highlight lines concerning C on B
[11-27-2019 15:39:18.855]  <CRi82Ix2@p1_vb_text>  switch to tab MAP
[11-27-2019 15:39:25.132]  <CRi82Ix2@p1_vb_text>  switch to tab B
[11-27-2019 15:39:32.426]  <CRi82Ix2@p1_vb_text>  switch to tab MAP
[11-27-2019 15:39:33.938]  <CRi82Ix2@p1_vb_text>  switch to tab B
[11-27-2019 15:39:43.040]  <CRi82Ix2@p1_vb_text>  switch to tab MAP
[11-27-2019 15:39:44.960]  <CRi82Ix2@p1_vb_text>  switch to tab B
[11-27-2019 15:40:13.935]  <CRi82Ix2@landing>  opening link: p1_va_gui
[11-27-2019 15:40:45.845]  <CRi82Ix2@p1_va_gui>  [Node A] Show node info and menu
[11-27-2019 15:40:47.088]  <CRi82Ix2@p1_va_gui>  [Node A] Toggle interface visibility
[11-27-2019 15:40:48.852]  <CRi82Ix2@p1_va_gui>  [Node C] Show node info and menu
[11-27-2019 15:40:49.691]  <CRi82Ix2@p1_va_gui>  [Node C] Toggle interface visibility
[11-27-2019 15:40:50.767]  <CRi82Ix2@p1_va_gui>  [Node A] Show node info and menu
[11-27-2019 15:41:02.601]  <CRi82Ix2@p1_va_gui>  [Node A] Toggle interface visibility
[11-27-2019 15:41:02.964]  <CRi82Ix2@p1_va_gui>  [Node A] Toggle interface visibility
[11-27-2019 15:41:10.312]  <CRi82Ix2@p1_va_gui>  [Node A] Toggle interface visibility
[11-27-2019 15:41:10.533]  <CRi82Ix2@p1_va_gui>  [Node A] Toggle interface visibility
[11-27-2019 15:41:22.290]  <CRi82Ix2@p1_va_gui>  [Node D] Show node info and menu
[11-27-2019 15:41:45.393]  <CRi82Ix2@p1_va_gui>  [Node A] Show node info and menu
[11-27-2019 15:44:07.465]  <CRi82Ix2@landing>  opening link: p2_va_text
[11-27-2019 15:44:12.138]  <CRi82Ix2@p2_va_text>  opened file MAP
[11-27-2019 15:45:54.164]  <CRi82Ix2@p2_va_text>  opened file F
[11-27-2019 15:45:57.891]  <CRi82Ix2@p2_va_text>  closed file F
[11-27-2019 15:46:23.041]  <CRi82Ix2@p2_va_text>  opened file H
[11-27-2019 15:46:43.923]  <CRi82Ix2@p2_va_text>  opened file K
[11-27-2019 15:46:46.642]  <CRi82Ix2@p2_va_text>  switch to tab H
[11-27-2019 15:46:50.307]  <CRi82Ix2@p2_va_text>  switch to tab K
[11-27-2019 15:46:53.338]  <CRi82Ix2@p2_va_text>  switch to tab H
[11-27-2019 15:46:58.795]  <CRi82Ix2@p2_va_text>  switch to tab MAP
[11-27-2019 15:47:09.556]  <CRi82Ix2@p2_va_text>  opened file I
[11-27-2019 15:47:13.859]  <CRi82Ix2@p2_va_text>  switch to tab MAP
[11-27-2019 15:47:18.650]  <CRi82Ix2@p2_va_text>  opened file D
[11-27-2019 15:47:40.252]  <CRi82Ix2@p2_va_text>  opened file E
[11-27-2019 15:47:49.158]  <CRi82Ix2@p2_va_text>  switch to tab H
[11-27-2019 15:48:15.340]  <CRi82Ix2@p2_va_text>  open analyze menu on H
[11-27-2019 15:48:17.488]  <CRi82Ix2@p2_va_text>  expand reachability on H
[11-27-2019 15:48:33.309]  <CRi82Ix2@p2_va_text>  highlight lines concerning K on H
[11-27-2019 15:48:59.425]  <CRi82Ix2@p2_va_text>  highlight lines concerning B on H
[11-27-2019 15:49:01.884]  <CRi82Ix2@p2_va_text>  highlight lines concerning K on H
[11-27-2019 15:49:31.423]  <CRi82Ix2@landing>  opening link: p2_vb_gui
[11-27-2019 15:50:10.735]  <CRi82Ix2@p2_vb_gui>  [Node A] Show node info and menu
[11-27-2019 15:50:10.925]  <CRi82Ix2@p2_vb_gui>  [Node B] Show node info and menu
[11-27-2019 15:50:11.657]  <CRi82Ix2@p2_vb_gui>  [Node D] Show node info and menu
[11-27-2019 15:50:12.550]  <CRi82Ix2@p2_vb_gui>  [Node G] Show node info and menu
[11-27-2019 15:50:13.520]  <CRi82Ix2@p2_vb_gui>  [Node G] Toggle interface visibility
[11-27-2019 15:50:26.581]  <CRi82Ix2@p2_vb_gui>  [Node A] Show node info and menu
[11-27-2019 15:50:27.263]  <CRi82Ix2@p2_vb_gui>  [Node A] Toggle interface visibility
[11-27-2019 15:50:40.219]  <CRi82Ix2@p2_vb_gui>  [Node B] Show node info and menu
[11-27-2019 15:50:40.918]  <CRi82Ix2@p2_vb_gui>  [Node B] Toggle interface visibility
[11-27-2019 15:50:43.871]  <CRi82Ix2@p2_vb_gui>  [Node D] Show node info and menu
[11-27-2019 15:50:46.174]  <CRi82Ix2@p2_vb_gui>  [Node D] Toggle interface visibility
[11-27-2019 15:51:10.349]  <CRi82Ix2@p2_vb_gui>  [Node E] Show node info and menu
[11-27-2019 15:51:11.391]  <CRi82Ix2@p2_vb_gui>  [Node E] Show node info and menu
[11-27-2019 15:58:08.282]  <CRi82Ix2@p2_vb_gui>  [Node A] Show node info and menu
[11-27-2019 15:58:11.387]  <CRi82Ix2@p2_vb_gui>  [Node C] Show node info and menu
[11-27-2019 15:58:28.940]  <CRi82Ix2@p2_vb_gui>  [Node A] Show node info and menu
[11-27-2019 15:59:36.574]  <CRi82Ix2@p2_vb_gui>  [Node B] Show node info and menu
[11-27-2019 15:59:36.576]  <CRi82Ix2@p2_vb_gui>  [Node D] Show node info and menu
[11-27-2019 15:59:39.212]  <CRi82Ix2@p2_vb_gui>  [Node C] Show node info and menu
[11-27-2019 15:59:39.263]  <CRi82Ix2@p2_vb_gui>  [Node A] Show node info and menu
[11-27-2019 15:59:51.494]  <CRi82Ix2@p2_vb_gui>  [Node B] Show node info and menu
[11-27-2019 15:59:55.313]  <CRi82Ix2@p2_vb_gui>  [Node A] Show node info and menu
[11-27-2019 15:59:55.355]  <CRi82Ix2@p2_vb_gui>  [Node C] Show node info and menu
[11-27-2019 16:00:08.818]  <CRi82Ix2@p2_vb_gui>  [Node D] Show node info and menu
[11-27-2019 16:00:15.003]  <CRi82Ix2@p2_vb_gui>  [Node F] Show node info and menu
[11-27-2019 16:00:16.891]  <CRi82Ix2@p2_vb_gui>  [Node I] Show node info and menu
[11-27-2019 16:00:17.068]  <CRi82Ix2@p2_vb_gui>  [Node D] Show node info and menu
[11-27-2019 16:00:17.191]  <CRi82Ix2@p2_vb_gui>  [Node B] Show node info and menu
[11-27-2019 16:00:17.329]  <CRi82Ix2@p2_vb_gui>  [Node D] Show node info and menu
[11-27-2019 16:00:17.471]  <CRi82Ix2@p2_vb_gui>  [Node B] Show node info and menu
[11-27-2019 16:00:17.514]  <CRi82Ix2@p2_vb_gui>  [Node D] Show node info and menu
[11-27-2019 16:00:17.851]  <CRi82Ix2@p2_vb_gui>  [Node C] Show node info and menu
[11-27-2019 16:00:17.983]  <CRi82Ix2@p2_vb_gui>  [Node F] Show node info and menu
[11-27-2019 16:00:18.095]  <CRi82Ix2@p2_vb_gui>  [Node C] Show node info and menu
[11-27-2019 16:00:18.145]  <CRi82Ix2@p2_vb_gui>  [Node F] Show node info and menu
[11-27-2019 16:00:40.712]  <CRi82Ix2@p2_vb_gui>  [Node B] Show node info and menu
[11-27-2019 16:00:40.714]  <CRi82Ix2@p2_vb_gui>  [Node D] Show node info and menu
[11-27-2019 16:00:51.696]  <CRi82Ix2@p2_vb_gui>  [Node D] Show node info and menu
[11-27-2019 16:00:52.176]  <CRi82Ix2@p2_vb_gui>  [Node B] Show node info and menu
[11-27-2019 16:00:52.506]  <CRi82Ix2@p2_vb_gui>  [Node D] Show node info and menu
[11-27-2019 16:01:02.403]  <CRi82Ix2@p2_vb_gui>  [Node D] Show node info and menu
[11-27-2019 16:01:02.451]  <CRi82Ix2@p2_vb_gui>  [Node B] Show node info and menu
[11-27-2019 16:01:02.469]  <CRi82Ix2@p2_vb_gui>  [Node B] Show node info and menu
[11-27-2019 16:01:02.531]  <CRi82Ix2@p2_vb_gui>  [Node D] Show node info and menu
[11-27-2019 16:01:35.941]  <CRi82Ix2@p2_vb_gui>  [Node B] Show node info and menu
[11-27-2019 16:01:35.975]  <CRi82Ix2@p2_vb_gui>  [Node D] Show node info and menu
[11-27-2019 16:01:36.928]  <CRi82Ix2@p2_vb_gui>  [Node B] Show node info and menu
[11-27-2019 16:01:36.975]  <CRi82Ix2@p2_vb_gui>  [Node D] Show node info and menu
[11-27-2019 16:01:37.020]  <CRi82Ix2@p2_vb_gui>  [Node B] Show node info and menu
[11-27-2019 16:01:37.396]  <CRi82Ix2@p2_vb_gui>  [Node D] Show node info and menu
[11-27-2019 16:01:37.488]  <CRi82Ix2@p2_vb_gui>  [Node B] Show node info and menu
[11-27-2019 16:01:37.665]  <CRi82Ix2@p2_vb_gui>  [Node D] Show node info and menu
[11-27-2019 16:01:40.177]  <CRi82Ix2@p2_vb_gui>  [Node B] Show node info and menu
[11-27-2019 16:01:42.413]  <CRi82Ix2@p2_vb_gui>  [Node D] Show node info and menu
[11-27-2019 16:01:44.573]  <CRi82Ix2@p2_vb_gui>  [Node D] Toggle interface visibility
[11-27-2019 16:02:18.750]  <CRi82Ix2@p2_vb_gui>  [Node D] Show node info and menu
[11-27-2019 16:02:18.817]  <CRi82Ix2@p2_vb_gui>  [Node C] Show node info and menu
[11-27-2019 16:02:18.820]  <CRi82Ix2@p2_vb_gui>  [Node E] Show node info and menu
[11-27-2019 16:02:18.861]  <CRi82Ix2@p2_vb_gui>  [Node I] Show node info and menu
[11-27-2019 16:02:18.995]  <CRi82Ix2@p2_vb_gui>  [Node H] Show node info and menu
[11-27-2019 16:02:19.078]  <CRi82Ix2@p2_vb_gui>  [Node K] Show node info and menu
[11-27-2019 16:02:19.133]  <CRi82Ix2@p2_vb_gui>  [Node H] Show node info and menu
[11-27-2019 16:02:19.172]  <CRi82Ix2@p2_vb_gui>  [Node F] Show node info and menu
[11-27-2019 16:02:19.351]  <CRi82Ix2@p2_vb_gui>  [Node D] Show node info and menu
[11-27-2019 16:02:19.489]  <CRi82Ix2@p2_vb_gui>  [Node I] Show node info and menu
[11-27-2019 16:03:37.681]  <CRi82Ix2@p2_vb_gui>  [Node A] Show node info and menu
[11-27-2019 16:04:12.895]  <CRi82Ix2@p2_vb_gui>  [Node C] Show node info and menu
[11-27-2019 16:04:22.925]  <CRi82Ix2@p2_vb_gui>  [Node G] Show node info and menu
[11-27-2019 16:04:22.953]  <CRi82Ix2@p2_vb_gui>  [Node C] Show node info and menu
[11-27-2019 16:04:22.983]  <CRi82Ix2@p2_vb_gui>  [Node F] Show node info and menu
[11-27-2019 16:04:22.997]  <CRi82Ix2@p2_vb_gui>  [Node C] Show node info and menu
[11-27-2019 16:04:24.785]  <CRi82Ix2@p2_vb_gui>  [Node F] Show node info and menu
[11-27-2019 16:04:29.234]  <CRi82Ix2@p2_vb_gui>  [Node C] Show node info and menu
[11-27-2019 16:04:29.271]  <CRi82Ix2@p2_vb_gui>  [Node A] Show node info and menu
