[11-27-2019 14:09:22.329]  <QqG5HYqn@landing>  study start!
[11-27-2019 14:10:40.832]  <QqG5HYqn@landing>  opening link: form
[11-27-2019 14:12:55.017]  <QqG5HYqn@landing>  opening link: tut_text
[11-27-2019 14:18:43.951]  <QqG5HYqn@landing>  opening link: p1_va_text
[11-27-2019 14:19:02.536]  <QqG5HYqn@p1_va_text>  opened file MAP
[11-27-2019 14:19:54.801]  <QqG5HYqn@p1_va_text>  opened file A
[11-27-2019 14:20:01.677]  <QqG5HYqn@p1_va_text>  switch to tab MAP
[11-27-2019 14:20:04.352]  <QqG5HYqn@p1_va_text>  switch to tab A
[11-27-2019 14:20:23.204]  <QqG5HYqn@p1_va_text>  open analyze menu on A
[11-27-2019 14:20:25.114]  <QqG5HYqn@p1_va_text>  expand reachability on A
[11-27-2019 14:20:27.818]  <QqG5HYqn@p1_va_text>  highlight lines concerning C on A
[11-27-2019 14:20:32.739]  <QqG5HYqn@p1_va_text>  switch to tab MAP
[11-27-2019 14:20:34.392]  <QqG5HYqn@p1_va_text>  switch to tab A
[11-27-2019 14:20:36.288]  <QqG5HYqn@p1_va_text>  open analyze menu on A
[11-27-2019 14:20:49.682]  <QqG5HYqn@p1_va_text>  expand reachability on A
[11-27-2019 14:21:14.041]  <QqG5HYqn@landing>  opening link: p1_vb_gui
[11-27-2019 14:21:20.695]  <QqG5HYqn@p1_vb_gui>  [Node A] Show node info and menu
[11-27-2019 14:21:22.388]  <QqG5HYqn@p1_vb_gui>  [Node B] Show node info and menu
[11-27-2019 14:21:29.765]  <QqG5HYqn@landing>  opening link: tut_gui
[11-27-2019 14:22:41.632]  <QqG5HYqn@p1_vb_gui>  [Node A] Show node info and menu
[11-27-2019 14:22:42.739]  <QqG5HYqn@p1_vb_gui>  [Node A] Toggle interface visibility
[11-27-2019 14:23:46.440]  <QqG5HYqn@p1_vb_gui>  [Node B] Show node info and menu
[11-27-2019 14:23:47.184]  <QqG5HYqn@p1_vb_gui>  [Node B] Toggle interface visibility
[11-27-2019 14:24:02.400]  <QqG5HYqn@p1_vb_gui>  [Node D] Show node info and menu
[11-27-2019 14:24:04.665]  <QqG5HYqn@p1_vb_gui>  [Node D] Toggle interface visibility
[11-27-2019 14:24:06.843]  <QqG5HYqn@p1_vb_gui>  [Node B] Show node info and menu
[11-27-2019 14:24:07.635]  <QqG5HYqn@p1_vb_gui>  [Node D] Show node info and menu
[11-27-2019 14:24:07.833]  <QqG5HYqn@p1_vb_gui>  [Node B] Show node info and menu
[11-27-2019 14:24:07.999]  <QqG5HYqn@p1_vb_gui>  [Node D] Show node info and menu
[11-27-2019 14:24:09.536]  <QqG5HYqn@p1_vb_gui>  [Node B] Show node info and menu
[11-27-2019 14:26:46.260]  <QqG5HYqn@landing>  opening link: p2_va_text
[11-27-2019 14:26:48.642]  <QqG5HYqn@p2_va_text>  opened file MAP
[11-27-2019 14:27:13.600]  <QqG5HYqn@p2_va_text>  opened file F
[11-27-2019 14:27:22.824]  <QqG5HYqn@p2_va_text>  opened file K
[11-27-2019 14:28:01.554]  <QqG5HYqn@p2_va_text>  open analyze menu on K
[11-27-2019 14:28:03.657]  <QqG5HYqn@p2_va_text>  expand reachability on K
[11-27-2019 14:28:18.415]  <QqG5HYqn@p2_va_text>  opened file F
[11-27-2019 14:28:20.014]  <QqG5HYqn@p2_va_text>  opened file E
[11-27-2019 14:28:24.224]  <QqG5HYqn@p2_va_text>  switch to tab F
[11-27-2019 14:28:25.254]  <QqG5HYqn@p2_va_text>  open analyze menu on F
[11-27-2019 14:28:26.898]  <QqG5HYqn@p2_va_text>  expand reachability on F
[11-27-2019 14:28:28.912]  <QqG5HYqn@p2_va_text>  switch to tab E
[11-27-2019 14:28:30.403]  <QqG5HYqn@p2_va_text>  open analyze menu on E
[11-27-2019 14:28:31.815]  <QqG5HYqn@p2_va_text>  expand reachability on E
[11-27-2019 14:28:50.723]  <QqG5HYqn@p2_va_text>  opened file D
[11-27-2019 14:29:00.960]  <QqG5HYqn@p2_va_text>  opened file I
[11-27-2019 14:29:17.296]  <QqG5HYqn@p2_va_text>  opened file H
[11-27-2019 14:30:00.625]  <QqG5HYqn@p2_va_text>  open analyze menu on H
[11-27-2019 14:30:07.036]  <QqG5HYqn@landing>  opening link: p2_vb_gui
[11-27-2019 14:30:12.435]  <QqG5HYqn@p2_vb_gui>  [Node H] Show node info and menu
[11-27-2019 14:30:13.065]  <QqG5HYqn@p2_vb_gui>  [Node G] Show node info and menu
[11-27-2019 14:30:18.548]  <QqG5HYqn@p2_vb_gui>  [Node I] Show node info and menu
[11-27-2019 14:30:20.631]  <QqG5HYqn@p2_vb_gui>  [Node I] Toggle interface visibility
[11-27-2019 14:30:21.973]  <QqG5HYqn@p2_vb_gui>  [Node D] Show node info and menu
[11-27-2019 14:30:23.121]  <QqG5HYqn@p2_vb_gui>  [Node D] Toggle interface visibility
[11-27-2019 14:30:25.508]  <QqG5HYqn@p2_vb_gui>  [Node B] Show node info and menu
[11-27-2019 14:30:26.338]  <QqG5HYqn@p2_vb_gui>  [Node B] Toggle interface visibility
[11-27-2019 14:30:27.539]  <QqG5HYqn@p2_vb_gui>  [Node A] Show node info and menu
[11-27-2019 14:30:29.710]  <QqG5HYqn@p2_vb_gui>  [Node A] Toggle interface visibility
[11-27-2019 14:30:30.915]  <QqG5HYqn@p2_vb_gui>  [Node G] Show node info and menu
[11-27-2019 14:30:32.870]  <QqG5HYqn@p2_vb_gui>  [Node G] Toggle interface visibility
[11-27-2019 14:30:34.309]  <QqG5HYqn@p2_vb_gui>  [Node D] Show node info and menu
[11-27-2019 14:30:44.270]  <QqG5HYqn@p2_vb_gui>  [Node A] Show node info and menu
[11-27-2019 14:35:38.210]  <QqG5HYqn@p2_vb_gui>  [Node C] Show node info and menu
[11-27-2019 14:35:42.470]  <QqG5HYqn@p2_vb_gui>  [Node A] Show node info and menu
[11-27-2019 14:35:46.633]  <QqG5HYqn@p2_vb_gui>  [Node A] Toggle interface visibility
[11-27-2019 14:35:47.139]  <QqG5HYqn@p2_vb_gui>  [Node A] Toggle interface visibility
[11-27-2019 14:36:21.304]  <QqG5HYqn@p2_vb_gui>  [Node B] Show node info and menu
[11-27-2019 14:36:22.987]  <QqG5HYqn@p2_vb_gui>  [Node D] Show node info and menu
