[11-27-2019 15:10:42.192]  <rjvqxhSu@landing>  study start!
[11-27-2019 15:10:49.755]  <rjvqxhSu@landing>  opening link: form
[11-27-2019 15:11:44.950]  <rjvqxhSu@landing>  opening link: tut_text
[11-27-2019 15:15:31.818]  <rjvqxhSu@landing>  opening link: p1_va_text
[11-27-2019 15:16:09.710]  <rjvqxhSu@landing>  opening link: tut_gui
[11-27-2019 15:18:44.828]  <rjvqxhSu@landing>  opening link: p1_va_text
[11-27-2019 15:18:51.582]  <rjvqxhSu@p1_va_text>  opened file A
[11-27-2019 15:18:52.875]  <rjvqxhSu@p1_va_text>  open analyze menu on A
[11-27-2019 15:18:59.846]  <rjvqxhSu@p1_va_text>  expand reachability on A
[11-27-2019 15:19:00.817]  <rjvqxhSu@p1_va_text>  highlight lines concerning C on A
[11-27-2019 15:19:07.107]  <rjvqxhSu@p1_va_text>  opened file A
[11-27-2019 15:19:07.851]  <rjvqxhSu@p1_va_text>  open analyze menu on A
[11-27-2019 15:19:09.672]  <rjvqxhSu@p1_va_text>  closed file A
[11-27-2019 15:19:59.229]  <rjvqxhSu@p1_va_text>  opened file A
[11-27-2019 15:19:59.643]  <rjvqxhSu@p1_va_text>  open analyze menu on A
[11-27-2019 15:20:01.348]  <rjvqxhSu@p1_va_text>  closed file A
[11-27-2019 15:20:25.946]  <rjvqxhSu@p1_va_text>  opened file MAP
[11-27-2019 15:21:37.080]  <rjvqxhSu@p1_va_text>  opened file A
[11-27-2019 15:22:17.941]  <rjvqxhSu@p1_va_text>  opened file C
[11-27-2019 15:22:20.162]  <rjvqxhSu@p1_va_text>  switch to tab A
[11-27-2019 15:22:21.164]  <rjvqxhSu@p1_va_text>  switch to tab C
[11-27-2019 15:22:29.896]  <rjvqxhSu@p1_va_text>  switch to tab A
[11-27-2019 15:22:32.543]  <rjvqxhSu@p1_va_text>  open analyze menu on A
[11-27-2019 15:22:34.886]  <rjvqxhSu@p1_va_text>  expand reachability on A
[11-27-2019 15:22:39.756]  <rjvqxhSu@p1_va_text>  highlight lines concerning C on A
[11-27-2019 15:22:59.079]  <rjvqxhSu@p1_va_text>  expand reachability on A
[11-27-2019 15:22:59.784]  <rjvqxhSu@p1_va_text>  expand reachability on A
[11-27-2019 15:23:00.477]  <rjvqxhSu@p1_va_text>  expand reachability on A
[11-27-2019 15:23:49.628]  <rjvqxhSu@landing>  opening link: p1_vb_gui
[11-27-2019 15:23:57.678]  <rjvqxhSu@p1_vb_gui>  [Node B] Show node info and menu
[11-27-2019 15:23:58.206]  <rjvqxhSu@p1_vb_gui>  [Node B] Toggle interface visibility
[11-27-2019 15:24:03.610]  <rjvqxhSu@p1_vb_gui>  [Node B] Toggle interface visibility
[11-27-2019 15:24:04.008]  <rjvqxhSu@p1_vb_gui>  [Node A] Show node info and menu
[11-27-2019 15:24:04.544]  <rjvqxhSu@p1_vb_gui>  [Node A] Toggle interface visibility
[11-27-2019 15:24:06.404]  <rjvqxhSu@p1_vb_gui>  [Node A] Toggle interface visibility
[11-27-2019 15:24:09.712]  <rjvqxhSu@p1_vb_gui>  [Node A] Toggle interface visibility
[11-27-2019 15:24:14.121]  <rjvqxhSu@p1_vb_gui>  [Node A] Toggle interface visibility
[11-27-2019 15:24:14.446]  <rjvqxhSu@p1_vb_gui>  [Node A] Toggle interface visibility
[11-27-2019 15:24:15.188]  <rjvqxhSu@p1_vb_gui>  [Node A] Toggle interface visibility
[11-27-2019 15:24:16.497]  <rjvqxhSu@p1_vb_gui>  [Node B] Show node info and menu
[11-27-2019 15:24:17.214]  <rjvqxhSu@p1_vb_gui>  [Node C] Show node info and menu
[11-27-2019 15:24:17.785]  <rjvqxhSu@p1_vb_gui>  [Node C] Toggle interface visibility
[11-27-2019 15:24:19.055]  <rjvqxhSu@p1_vb_gui>  [Node D] Show node info and menu
[11-27-2019 15:24:19.627]  <rjvqxhSu@p1_vb_gui>  [Node D] Toggle interface visibility
[11-27-2019 15:24:20.795]  <rjvqxhSu@p1_vb_gui>  [Node B] Show node info and menu
[11-27-2019 15:24:21.428]  <rjvqxhSu@p1_vb_gui>  [Node B] Toggle interface visibility
[11-27-2019 15:24:22.485]  <rjvqxhSu@p1_vb_gui>  [Node A] Show node info and menu
[11-27-2019 15:24:22.928]  <rjvqxhSu@p1_vb_gui>  [Node A] Toggle interface visibility
[11-27-2019 15:24:23.718]  <rjvqxhSu@p1_vb_gui>  [Node B] Show node info and menu
[11-27-2019 15:27:44.336]  <rjvqxhSu@landing>  opening link: p2_va_text
[11-27-2019 15:28:08.424]  <rjvqxhSu@p2_va_text>  opened file MAP
[11-27-2019 15:28:30.145]  <rjvqxhSu@p2_va_text>  opened file E
[11-27-2019 15:28:31.879]  <rjvqxhSu@p2_va_text>  open analyze menu on E
[11-27-2019 15:28:33.528]  <rjvqxhSu@p2_va_text>  expand reachability on E
[11-27-2019 15:28:41.130]  <rjvqxhSu@p2_va_text>  opened file G
[11-27-2019 15:28:43.053]  <rjvqxhSu@p2_va_text>  open analyze menu on G
[11-27-2019 15:28:44.020]  <rjvqxhSu@p2_va_text>  expand reachability on G
[11-27-2019 15:29:10.198]  <rjvqxhSu@p2_va_text>  switch to tab E
[11-27-2019 15:29:13.292]  <rjvqxhSu@p2_va_text>  open analyze menu on E
[11-27-2019 15:29:21.346]  <rjvqxhSu@p2_va_text>  expand reachability on E
[11-27-2019 15:29:40.471]  <rjvqxhSu@p2_va_text>  opened file H
[11-27-2019 15:29:41.335]  <rjvqxhSu@p2_va_text>  open analyze menu on H
[11-27-2019 15:29:42.776]  <rjvqxhSu@p2_va_text>  expand reachability on H
[11-27-2019 15:29:55.728]  <rjvqxhSu@p2_va_text>  opened file I
[11-27-2019 15:29:56.238]  <rjvqxhSu@p2_va_text>  open analyze menu on I
[11-27-2019 15:29:57.401]  <rjvqxhSu@p2_va_text>  expand reachability on I
[11-27-2019 15:30:03.534]  <rjvqxhSu@p2_va_text>  opened file D
[11-27-2019 15:30:05.351]  <rjvqxhSu@p2_va_text>  open analyze menu on D
[11-27-2019 15:30:09.922]  <rjvqxhSu@p2_va_text>  switch to tab E
[11-27-2019 15:30:11.173]  <rjvqxhSu@p2_va_text>  open analyze menu on E
[11-27-2019 15:30:20.366]  <rjvqxhSu@p2_va_text>  switch to tab H
[11-27-2019 15:30:20.923]  <rjvqxhSu@p2_va_text>  switch to tab E
[11-27-2019 15:30:21.476]  <rjvqxhSu@p2_va_text>  switch to tab G
[11-27-2019 15:30:21.991]  <rjvqxhSu@p2_va_text>  switch to tab H
[11-27-2019 15:30:22.339]  <rjvqxhSu@p2_va_text>  switch to tab I
[11-27-2019 15:30:22.762]  <rjvqxhSu@p2_va_text>  switch to tab D
[11-27-2019 15:30:23.351]  <rjvqxhSu@p2_va_text>  switch to tab I
[11-27-2019 15:30:24.231]  <rjvqxhSu@p2_va_text>  switch to tab G
[11-27-2019 15:30:24.745]  <rjvqxhSu@p2_va_text>  switch to tab E
[11-27-2019 15:30:25.118]  <rjvqxhSu@p2_va_text>  open analyze menu on E
[11-27-2019 15:30:26.751]  <rjvqxhSu@p2_va_text>  expand reachability on E
[11-27-2019 15:30:27.249]  <rjvqxhSu@p2_va_text>  expand reachability on E
[11-27-2019 15:30:28.522]  <rjvqxhSu@p2_va_text>  expand reachability on E
[11-27-2019 15:30:38.516]  <rjvqxhSu@landing>  opening link: p2_vb_gui
[11-27-2019 15:30:55.106]  <rjvqxhSu@p2_vb_gui>  [Node I] Show node info and menu
[11-27-2019 15:30:55.606]  <rjvqxhSu@p2_vb_gui>  [Node I] Toggle interface visibility
[11-27-2019 15:30:56.319]  <rjvqxhSu@p2_vb_gui>  [Node G] Show node info and menu
[11-27-2019 15:30:56.817]  <rjvqxhSu@p2_vb_gui>  [Node G] Toggle interface visibility
[11-27-2019 15:30:57.355]  <rjvqxhSu@p2_vb_gui>  [Node K] Show node info and menu
[11-27-2019 15:30:58.704]  <rjvqxhSu@p2_vb_gui>  [Node H] Show node info and menu
[11-27-2019 15:30:59.188]  <rjvqxhSu@p2_vb_gui>  [Node H] Toggle interface visibility
[11-27-2019 15:31:00.072]  <rjvqxhSu@p2_vb_gui>  [Node K] Show node info and menu
[11-27-2019 15:31:00.676]  <rjvqxhSu@p2_vb_gui>  [Node K] Toggle interface visibility
[11-27-2019 15:31:01.439]  <rjvqxhSu@p2_vb_gui>  [Node E] Show node info and menu
[11-27-2019 15:31:01.913]  <rjvqxhSu@p2_vb_gui>  [Node E] Toggle interface visibility
[11-27-2019 15:31:02.420]  <rjvqxhSu@p2_vb_gui>  [Node C] Show node info and menu
[11-27-2019 15:31:03.457]  <rjvqxhSu@p2_vb_gui>  [Node C] Toggle interface visibility
[11-27-2019 15:31:03.950]  <rjvqxhSu@p2_vb_gui>  [Node F] Show node info and menu
[11-27-2019 15:31:04.440]  <rjvqxhSu@p2_vb_gui>  [Node F] Toggle interface visibility
[11-27-2019 15:31:04.882]  <rjvqxhSu@p2_vb_gui>  [Node D] Show node info and menu
[11-27-2019 15:31:05.809]  <rjvqxhSu@p2_vb_gui>  [Node D] Toggle interface visibility
[11-27-2019 15:31:06.308]  <rjvqxhSu@p2_vb_gui>  [Node B] Show node info and menu
[11-27-2019 15:31:07.327]  <rjvqxhSu@p2_vb_gui>  [Node B] Toggle interface visibility
[11-27-2019 15:31:07.878]  <rjvqxhSu@p2_vb_gui>  [Node A] Show node info and menu
[11-27-2019 15:31:08.804]  <rjvqxhSu@p2_vb_gui>  [Node A] Toggle interface visibility
[11-27-2019 15:31:21.477]  <rjvqxhSu@p2_vb_gui>  [Node K] Show node info and menu
[11-27-2019 15:31:21.921]  <rjvqxhSu@p2_vb_gui>  [Node K] Toggle interface visibility
[11-27-2019 15:31:23.382]  <rjvqxhSu@p2_vb_gui>  [Node K] Toggle interface visibility
[11-27-2019 15:31:23.745]  <rjvqxhSu@p2_vb_gui>  [Node K] Toggle interface visibility
[11-27-2019 15:31:24.084]  <rjvqxhSu@p2_vb_gui>  [Node K] Toggle interface visibility
[11-27-2019 15:31:24.435]  <rjvqxhSu@p2_vb_gui>  [Node K] Toggle interface visibility
[11-27-2019 15:31:27.514]  <rjvqxhSu@p2_vb_gui>  [Node E] Show node info and menu
[11-27-2019 15:31:28.291]  <rjvqxhSu@p2_vb_gui>  [Node H] Show node info and menu
[11-27-2019 15:31:29.804]  <rjvqxhSu@p2_vb_gui>  [Node H] Toggle interface visibility
[11-27-2019 15:31:30.449]  <rjvqxhSu@p2_vb_gui>  [Node E] Show node info and menu
[11-27-2019 15:31:30.982]  <rjvqxhSu@p2_vb_gui>  [Node E] Toggle interface visibility
[11-27-2019 15:31:31.432]  <rjvqxhSu@p2_vb_gui>  [Node C] Show node info and menu
[11-27-2019 15:31:32.611]  <rjvqxhSu@p2_vb_gui>  [Node C] Toggle interface visibility
[11-27-2019 15:31:33.103]  <rjvqxhSu@p2_vb_gui>  [Node F] Show node info and menu
[11-27-2019 15:31:33.555]  <rjvqxhSu@p2_vb_gui>  [Node F] Toggle interface visibility
[11-27-2019 15:31:34.077]  <rjvqxhSu@p2_vb_gui>  [Node I] Show node info and menu
[11-27-2019 15:31:34.502]  <rjvqxhSu@p2_vb_gui>  [Node I] Toggle interface visibility
[11-27-2019 15:31:35.218]  <rjvqxhSu@p2_vb_gui>  [Node D] Show node info and menu
[11-27-2019 15:31:36.347]  <rjvqxhSu@p2_vb_gui>  [Node D] Toggle interface visibility
[11-27-2019 15:31:36.811]  <rjvqxhSu@p2_vb_gui>  [Node B] Show node info and menu
[11-27-2019 15:31:37.265]  <rjvqxhSu@p2_vb_gui>  [Node B] Toggle interface visibility
[11-27-2019 15:31:38.217]  <rjvqxhSu@p2_vb_gui>  [Node A] Show node info and menu
[11-27-2019 15:32:07.600]  <rjvqxhSu@p2_vb_gui>  [Node B] Show node info and menu
[11-27-2019 15:32:07.982]  <rjvqxhSu@p2_vb_gui>  [Node B] Toggle interface visibility
[11-27-2019 15:32:09.162]  <rjvqxhSu@p2_vb_gui>  [Node B] Toggle interface visibility
[11-27-2019 15:32:09.886]  <rjvqxhSu@p2_vb_gui>  [Node D] Show node info and menu
[11-27-2019 15:32:41.633]  <rjvqxhSu@p2_vb_gui>  [Node H] Show node info and menu
[11-27-2019 15:32:42.313]  <rjvqxhSu@p2_vb_gui>  [Node H] Toggle interface visibility
[11-27-2019 15:32:48.302]  <rjvqxhSu@p2_vb_gui>  [Node H] Toggle interface visibility
[11-27-2019 15:32:48.794]  <rjvqxhSu@p2_vb_gui>  [Node B] Show node info and menu
[11-27-2019 15:32:49.663]  <rjvqxhSu@p2_vb_gui>  [Node B] Toggle interface visibility
[11-27-2019 15:32:59.135]  <rjvqxhSu@p2_vb_gui>  [Node D] Show node info and menu
[11-27-2019 15:32:59.532]  <rjvqxhSu@p2_vb_gui>  [Node D] Toggle interface visibility
[11-27-2019 15:33:03.219]  <rjvqxhSu@p2_vb_gui>  [Node B] Show node info and menu
[11-27-2019 15:33:03.995]  <rjvqxhSu@p2_vb_gui>  [Node B] Toggle interface visibility
[11-27-2019 15:33:04.406]  <rjvqxhSu@p2_vb_gui>  [Node D] Show node info and menu
[11-27-2019 15:33:05.221]  <rjvqxhSu@p2_vb_gui>  [Node D] Toggle interface visibility
[11-27-2019 15:33:05.872]  <rjvqxhSu@p2_vb_gui>  [Node D] Toggle interface visibility
[11-27-2019 15:33:08.216]  <rjvqxhSu@p2_vb_gui>  [Node B] Show node info and menu
[11-27-2019 15:33:10.056]  <rjvqxhSu@p2_vb_gui>  [Node I] Show node info and menu
[11-27-2019 15:33:29.461]  <rjvqxhSu@p2_vb_gui>  [Node B] Show node info and menu
[11-27-2019 15:33:30.128]  <rjvqxhSu@p2_vb_gui>  [Node B] Toggle interface visibility
[11-27-2019 15:33:30.743]  <rjvqxhSu@p2_vb_gui>  [Node B] Toggle interface visibility
[11-27-2019 15:33:31.745]  <rjvqxhSu@p2_vb_gui>  [Node D] Show node info and menu
[11-27-2019 15:33:32.663]  <rjvqxhSu@p2_vb_gui>  [Node D] Toggle interface visibility
[11-27-2019 15:33:34.437]  <rjvqxhSu@p2_vb_gui>  [Node A] Show node info and menu
[11-27-2019 15:33:35.393]  <rjvqxhSu@p2_vb_gui>  [Node A] Toggle interface visibility
[11-27-2019 15:33:35.926]  <rjvqxhSu@p2_vb_gui>  [Node G] Show node info and menu
[11-27-2019 15:33:36.831]  <rjvqxhSu@p2_vb_gui>  [Node G] Toggle interface visibility
